<?xml version="1.0" encoding="utf-8"?><testsuites name="pytest tests"><testsuite name="pytest" errors="0" failures="0" skipped="0" tests="14" time="2.176" timestamp="2026-06-24T18:18:20.731541+00:00" hostname="agent-env-d7cc20a6-0bf9-4aab-b6d2-9665b810bb1e"><testcase classname="backend.tests.test_admin_documents.TestListDocuments" name="test_list_returns_items_and_total" time="0.569" /><testcase classname="backend.tests.test_admin_documents.TestListDocuments" name="test_list_item_shape" time="0.142" /><testcase classname="backend.tests.test_admin_documents.TestListDocuments" name="test_filter_tipo_rg" time="0.104" /><testcase classname="backend.tests.test_admin_documents.TestListDocuments" name="test_filter_tipo_cnh" time="0.103" /><testcase classname="backend.tests.test_admin_documents.TestListDocuments" name="test_filter_tipo_passaporte" time="0.127" /><testcase classname="backend.tests.test_admin_documents.TestListDocuments" name="test_search_q_maria" time="0.114" /><testcase classname="backend.tests.test_admin_documents.TestListDocuments" name="test_requires_auth" time="0.103" /><testcase classname="backend.tests.test_admin_documents.TestDocumentFile" name="test_get_frente_rg" time="0.120" /><testcase classname="backend.tests.test_admin_documents.TestDocumentFile" name="test_get_verso_cnh" time="0.109" /><testcase classname="backend.tests.test_admin_documents.TestDocumentFile" name="test_passaporte_verso_404" time="0.116" /><testcase classname="backend.tests.test_admin_documents.TestDocumentFile" name="test_passaporte_frente_ok" time="0.112" /><testcase classname="backend.tests.test_admin_documents.TestDocumentFile" name="test_invalid_cpf_404" time="0.102" /><testcase classname="backend.tests.test_admin_documents.TestDocumentFile" name="test_invalid_side_400" time="0.111" /><testcase classname="backend.tests.test_admin_documents.TestDocumentFile" name="test_requires_auth_file" time="0.180" /></testsuite></testsuites>