<?xml version="1.0" encoding="utf-8"?><testsuites name="pytest tests"><testsuite name="pytest" errors="0" failures="0" skipped="0" tests="7" time="0.315" timestamp="2026-06-24T19:29:00.935351+00:00" hostname="agent-env-d7cc20a6-0bf9-4aab-b6d2-9665b810bb1e"><testcase classname="backend.tests.test_admin_docs_export_zip.TestExportZipAuth" name="test_no_auth_returns_401_or_403" time="0.004" /><testcase classname="backend.tests.test_admin_docs_export_zip.TestExportZipAll" name="test_empty_body_returns_zip_with_all_candidates" time="0.231" /><testcase classname="backend.tests.test_admin_docs_export_zip.TestExportZipAll" name="test_filter_single_cpf_maria_returns_frente_and_verso" time="0.004" /><testcase classname="backend.tests.test_admin_docs_export_zip.TestExportZipAll" name="test_filter_passaporte_ana_returns_only_frente" time="0.004" /><testcase classname="backend.tests.test_admin_docs_export_zip.TestExportZipAll" name="test_inexistent_cpf_returns_404" time="0.003" /><testcase classname="backend.tests.test_admin_docs_export_zip.TestExportZipAll" name="test_filter_by_tipo_RG_returns_only_RG" time="0.004" /><testcase classname="backend.tests.test_admin_docs_export_zip.TestExportZipAll" name="test_unknown_tipo_returns_404" time="0.003" /></testsuite></testsuites>