<?xml version="1.0" encoding="utf-8"?><testsuites name="pytest tests"><testsuite name="pytest" errors="0" failures="0" skipped="0" tests="4" time="0.310" timestamp="2026-06-24T19:29:42.749361+00:00" hostname="agent-env-d7cc20a6-0bf9-4aab-b6d2-9665b810bb1e"><testcase classname="backend.tests.test_admin_docs_export_zip_streaming.TestStreamingBehavior" name="test_response_is_streamed_no_content_length" time="0.235" /><testcase classname="backend.tests.test_admin_docs_export_zip_streaming.TestStreamingBehavior" name="test_streamed_zip_is_valid_when_read_in_chunks" time="0.004" /><testcase classname="backend.tests.test_admin_docs_export_zip_streaming.TestCNHFilter" name="test_filter_by_tipo_CNH_returns_only_CNH" time="0.003" /><testcase classname="backend.tests.test_admin_docs_export_zip_streaming.TestCNHFilter" name="test_filter_single_cpf_joao_returns_cnh_files" time="0.003" /></testsuite></testsuites>