<?xml version="1.0" encoding="utf-8"?><testsuites name="pytest tests"><testsuite name="pytest" errors="0" failures="0" skipped="0" tests="2" time="1.027" timestamp="2026-06-23T22:37:28.845811+00:00" hostname="agent-env-d7cc20a6-0bf9-4aab-b6d2-9665b810bb1e"><testcase classname="backend.tests.test_cadastro_camelcase" name="test_track_registration_persists_camelcase" time="0.746" /><testcase classname="backend.tests.test_cadastro_camelcase" name="test_get_cadastro_details_returns_camelcase" time="0.227" /></testsuite></testsuites>