<?xml version="1.0" encoding="utf-8"?><testsuites name="pytest tests"><testsuite name="pytest" errors="0" failures="0" skipped="0" tests="25" time="4.326" timestamp="2026-06-24T19:52:00.810032+00:00" hostname="agent-env-d7cc20a6-0bf9-4aab-b6d2-9665b810bb1e"><testcase classname="backend.tests.test_admin_docs_export_zip.TestExportZipAuth" name="test_no_auth_returns_401_or_403" time="0.296" /><testcase classname="backend.tests.test_admin_docs_export_zip.TestExportZipAll" name="test_empty_body_returns_zip_with_all_candidates" time="0.502" /><testcase classname="backend.tests.test_admin_docs_export_zip.TestExportZipAll" name="test_filter_single_cpf_maria_returns_frente_and_verso" time="0.140" /><testcase classname="backend.tests.test_admin_docs_export_zip.TestExportZipAll" name="test_filter_passaporte_ana_returns_only_frente" time="0.182" /><testcase classname="backend.tests.test_admin_docs_export_zip.TestExportZipAll" name="test_inexistent_cpf_returns_404" time="0.104" /><testcase classname="backend.tests.test_admin_docs_export_zip.TestExportZipAll" name="test_filter_by_tipo_RG_returns_only_RG" time="0.163" /><testcase classname="backend.tests.test_admin_docs_export_zip.TestExportZipAll" name="test_unknown_tipo_returns_404" time="0.104" /><testcase classname="backend.tests.test_admin_docs_export_zip_streaming.TestStreamingBehavior" name="test_response_is_streamed_no_content_length" time="0.463" /><testcase classname="backend.tests.test_admin_docs_export_zip_streaming.TestStreamingBehavior" name="test_streamed_zip_is_valid_when_read_in_chunks" time="0.116" /><testcase classname="backend.tests.test_admin_docs_export_zip_streaming.TestCNHFilter" name="test_filter_by_tipo_CNH_returns_only_CNH" time="0.105" /><testcase classname="backend.tests.test_admin_docs_export_zip_streaming.TestCNHFilter" name="test_filter_single_cpf_joao_returns_cnh_files" time="0.105" /><testcase classname="backend.tests.test_admin_documents.TestListDocuments" name="test_list_returns_items_and_total" time="0.477" /><testcase classname="backend.tests.test_admin_documents.TestListDocuments" name="test_list_item_shape" time="0.123" /><testcase classname="backend.tests.test_admin_documents.TestListDocuments" name="test_filter_tipo_rg" time="0.100" /><testcase classname="backend.tests.test_admin_documents.TestListDocuments" name="test_filter_tipo_cnh" time="0.231" /><testcase classname="backend.tests.test_admin_documents.TestListDocuments" name="test_filter_tipo_passaporte" time="0.104" /><testcase classname="backend.tests.test_admin_documents.TestListDocuments" name="test_search_q_maria" time="0.103" /><testcase classname="backend.tests.test_admin_documents.TestListDocuments" name="test_requires_auth" time="0.103" /><testcase classname="backend.tests.test_admin_documents.TestDocumentFile" name="test_get_frente_rg" time="0.109" /><testcase classname="backend.tests.test_admin_documents.TestDocumentFile" name="test_get_verso_cnh" time="0.108" /><testcase classname="backend.tests.test_admin_documents.TestDocumentFile" name="test_passaporte_verso_404" time="0.105" /><testcase classname="backend.tests.test_admin_documents.TestDocumentFile" name="test_passaporte_frente_ok" time="0.102" /><testcase classname="backend.tests.test_admin_documents.TestDocumentFile" name="test_invalid_cpf_404" time="0.103" /><testcase classname="backend.tests.test_admin_documents.TestDocumentFile" name="test_invalid_side_400" time="0.106" /><testcase classname="backend.tests.test_admin_documents.TestDocumentFile" name="test_requires_auth_file" time="0.101" /></testsuite></testsuites>