<?xml version="1.0" encoding="utf-8"?><testsuites name="pytest tests"><testsuite name="pytest" errors="0" failures="0" skipped="0" tests="14" time="4.835" timestamp="2026-06-27T17:02:09.230640+00:00" hostname="agent-env-e9e27a25-6482-4b57-b66f-728352562128"><testcase classname="tests.test_tracking_and_kpis" name="test_track_access_home_counts[/home.html]" time="0.398" /><testcase classname="tests.test_tracking_and_kpis" name="test_track_access_home_counts[/]" time="0.139" /><testcase classname="tests.test_tracking_and_kpis" name="test_track_access_home_counts[/index.html]" time="0.100" /><testcase classname="tests.test_tracking_and_kpis" name="test_track_access_home_counts[/home.html?utm=x]" time="0.126" /><testcase classname="tests.test_tracking_and_kpis" name="test_track_access_home_counts[/HOME.HTML]" time="0.137" /><testcase classname="tests.test_tracking_and_kpis" name="test_track_access_funnel_skipped[/inscricao.html]" time="0.144" /><testcase classname="tests.test_tracking_and_kpis" name="test_track_access_funnel_skipped[/inscricao-passo2.html]" time="0.101" /><testcase classname="tests.test_tracking_and_kpis" name="test_track_access_funnel_skipped[/inscricao-passo3.html]" time="0.103" /><testcase classname="tests.test_tracking_and_kpis" name="test_track_access_funnel_skipped[/inscricao-pagamento.html]" time="0.128" /><testcase classname="tests.test_tracking_and_kpis" name="test_track_access_funnel_skipped[/inscricao-comprovante.html]" time="0.136" /><testcase classname="tests.test_tracking_and_kpis" name="test_track_access_admin_skipped" time="0.133" /><testcase classname="tests.test_tracking_and_kpis" name="test_acessos_increments_only_for_home" time="1.167" /><testcase classname="tests.test_tracking_and_kpis" name="test_pix_downloaded_updates_status_and_kpi" time="0.832" /><testcase classname="tests.test_tracking_and_kpis" name="test_inscription_pix_status_updated_to_baixado" time="0.693" /></testsuite></testsuites>